2026-03-09 13:50:11,111 | INFO | __main__ | 
[1/6] Loading raw data…
2026-03-09 13:50:11,112 | INFO | src.data_loader | Loading raw data from: data/raw/hyderabad_air_quality_10y_combined_fixed.csv
2026-03-09 13:50:11,227 | INFO | src.data_loader | Loaded 25,543 rows and 18 columns.
2026-03-09 13:50:11,230 | INFO | src.data_loader | Stations found: 7 unique stations
2026-03-09 13:50:11,236 | INFO | __main__ | 
[2/6] Cleaning data…
2026-03-09 13:50:11,258 | INFO | src.preprocessing | Clipping outliers (IQR × 3)…
2026-03-09 13:50:11,333 | INFO | __main__ | 
[3/6] Engineering features…
2026-03-09 13:50:11,447 | INFO | src.feature_engineering | Dropped 56 rows with NaN in lag/target columns.
2026-03-09 13:50:11,448 | INFO | src.feature_engineering | Final dataset shape: (25487, 42)
2026-03-09 13:50:11,451 | INFO | __main__ | 
[4/6] Saving processed dataset…
2026-03-09 13:50:12,551 | INFO | __main__ | 
[5/6] Training models…
2026-03-09 13:50:12,554 | INFO | src.train_model |   MODEL TRAINING
2026-03-09 13:50:12,589 | INFO | src.train_model | Train size: 20,389  |  Test size: 5,098
2026-03-09 13:50:12,607 | INFO | src.train_model | Training Linear Regression…
2026-03-09 13:50:12,683 | INFO | src.train_model | Linear Regression training complete.
2026-03-09 13:50:12,684 | INFO | src.train_model | Training XGBoost…
2026-03-09 13:50:15,923 | INFO | src.train_model | XGBoost training complete.
2026-03-09 13:50:15,947 | INFO | src.train_model | Models saved to 'models/trained_models/'
2026-03-09 13:50:15,948 | INFO | __main__ | 
[6/6] Evaluating models…
2026-03-09 13:50:15,952 | INFO | src.evaluate_model |   MODEL EVALUATION
2026-03-09 13:50:15,987 | INFO | src.evaluate_model | Best model: XGBoost (RMSE=44.85)
2026-03-09 13:50:15,988 | INFO | src.evaluate_model | Generating AQI trend plot…
2026-03-09 13:50:16,507 | INFO | src.evaluate_model |   Saved: data/processed/aqi_trend.png
2026-03-09 13:50:16,507 | INFO | src.evaluate_model | Generating correlation heatmap…
2026-03-09 13:50:17,293 | INFO | src.evaluate_model |   Saved: data/processed/correlation_heatmap.png
2026-03-09 13:50:17,294 | INFO | src.evaluate_model | Generating prediction vs actual plot…
2026-03-09 13:50:17,905 | INFO | src.evaluate_model |   Saved: data/processed/prediction_vs_actual.png
2026-03-09 13:50:17,906 | INFO | __main__ |   Best model: XGBoost  (saved to models/trained_models\best_model.json)
2026-03-09 13:50:17,919 | INFO | __main__ | 
  Run next-day prediction:
2026-03-09 13:50:17,919 | INFO | __main__ |     python src/predict.py
2026-03-09 13:50:17,919 | INFO | __main__ |     python src/predict.py --offline   (no API call)

